<?xml version="1.0" encoding="UTF-8"?>
<!-- Generated by org.testng.reporters.JUnitXMLReporter -->
<testsuite ignored="4" hostname="Meena-Laptop" failures="0" tests="1" name="Default test" time="11.282" errors="0" timestamp="2024-10-24T16:14:46 CDT">
  <testcase classname="com.automation.tests.LoginTests" name="TC3ValidateRememberMe" time="8.294"/>
  <testcase classname="com.automation.tests.LoginTests" name="TC4A_ForgotPassword" time="0.0">
    <ignored/>
  </testcase> <!-- TC4A_ForgotPassword -->
  <testcase classname="com.automation.tests.LoginTests" name="TC4B_ValidateLoginErrorMsg" time="0.0">
    <ignored/>
  </testcase> <!-- TC4B_ValidateLoginErrorMsg -->
  <testcase classname="com.automation.tests.LoginTests" name="TC1SalesforceLogin_BlankPwd" time="0.0">
    <ignored/>
  </testcase> <!-- TC1SalesforceLogin_BlankPwd -->
  <testcase classname="com.automation.tests.LoginTests" name="TC2SalesforceLoginValid" time="0.0">
    <ignored/>
  </testcase> <!-- TC2SalesforceLoginValid -->
</testsuite> <!-- Default test -->
