<?xml version="1.0" encoding="UTF-8"?>
<testsuite xmlns:xsi="http://www.w3.org/2001/XMLSchema-instance" xsi:noNamespaceSchemaLocation="https://maven.apache.org/surefire/maven-surefire-plugin/xsd/surefire-test-report-3.0.xsd" version="3.0" name="TestSuite" time="33.358" tests="4" errors="0" skipped="0" failures="1">
  <properties>
[...]
</properties>
  <testcase name="TC1SalesforceLogin_BlankPwd" classname="com.automation.tests.LoginTests" time="1.596">
    <system-out><![CDATA[2024-10-18 11:03:50,137 INFO  SalesforceListenerUtility.java:17 - SalesForceLoginTest started...............
2024-10-18 11:03:50,435 INFO  BaseTest.java:42 - *******************setUpBeforeMethod*********************
2024-10-18 11:04:06,783 INFO  SalesforceListenerUtility.java:31 - TC1SalesforceLogin_BlankPwd started..................
2024-10-18 11:04:08,156 INFO  BasePage.java:34 - data is entered in the username
2024-10-18 11:04:08,384 INFO  BasePage.java:34 - data is entered in the password
2024-10-18 11:04:08,385 INFO  LoginTests.java:34 - login blank pwd test completed
]]></system-out>
    <system-err><![CDATA[SLF4J: No SLF4J providers were found.
SLF4J: Defaulting to no-operation (NOP) logger implementation
SLF4J: See https://www.slf4j.org/codes.html#noProviders for further details.
Starting ChromeDriver 129.0.6668.100 (cf58cba358d31ce285c1970a79a9411d0fb381a5-refs/branch-heads/6668@{#1704}) on port 56605
Only local connections are allowed.
Please see https://chromedriver.chromium.org/security-considerations for suggestions on keeping ChromeDriver safe.
ChromeDriver was started successfully on port 56605.
Oct 18, 2024 11:04:06 AM org.openqa.selenium.remote.ProtocolHandshake createSession
INFO: Detected dialect: W3C
]]></system-err>
  </testcase>
  <testcase name="TC2SalesforceLoginValid" classname="com.automation.tests.LoginTests" time="3.996">
    <system-out><![CDATA[2024-10-18 11:04:08,390 INFO  SalesforceListenerUtility.java:39 - TC1SalesforceLogin_BlankPwd ended with success......................
2024-10-18 11:04:08,625 INFO  BaseTest.java:52 - *******************tearDownAfterTestMethod*********************
2024-10-18 11:04:08,627 INFO  BaseTest.java:42 - *******************setUpBeforeMethod*********************
2024-10-18 11:04:10,128 INFO  SalesforceListenerUtility.java:31 - TC2SalesforceLoginValid started..................
2024-10-18 11:04:11,558 INFO  BasePage.java:34 - data is entered in the username
2024-10-18 11:04:11,946 INFO  BasePage.java:34 - data is entered in the password
2024-10-18 11:04:13,185 INFO  BasePage.java:46 - Login button is clicked
2024-10-18 11:04:13,200 INFO  BasePage.java:138 - Waiting for visibility of Getting Started Home page header for maximum of 60sec
2024-10-18 11:04:14,126 INFO  BasePage.java:60 - text is extracted from the Getting Started Home page header
text on home page===Getting Started
2024-10-18 11:04:14,130 INFO  LoginTests.java:54 - valid login test completed
]]></system-out>
    <system-err><![CDATA[Starting ChromeDriver 129.0.6668.100 (cf58cba358d31ce285c1970a79a9411d0fb381a5-refs/branch-heads/6668@{#1704}) on port 38653
Only local connections are allowed.
Please see https://chromedriver.chromium.org/security-considerations for suggestions on keeping ChromeDriver safe.
ChromeDriver was started successfully on port 38653.
Oct 18, 2024 11:04:09 AM org.openqa.selenium.remote.ProtocolHandshake createSession
INFO: Detected dialect: W3C
]]></system-err>
  </testcase>
  <testcase name="TC4A_ForgotPassword" classname="com.automation.tests.LoginTests" time="1.514">
    <failure message="expected [Weâ€™ve sent you an email with a link to finish resetting your password.] but found [We’ve sent you an email with a link to finish resetting your password.]" type="java.lang.AssertionError"><![CDATA[java.lang.AssertionError: expected [Weâ€™ve sent you an email with a link to finish resetting your password.] but found [We’ve sent you an email with a link to finish resetting your password.]
	at org.testng.Assert.fail(Assert.java:111)
	at org.testng.Assert.failNotEquals(Assert.java:1578)
	at org.testng.Assert.assertEqualsImpl(Assert.java:150)
	at org.testng.Assert.assertEquals(Assert.java:132)
	at org.testng.Assert.assertEquals(Assert.java:656)
	at org.testng.Assert.assertEquals(Assert.java:666)
	at com.automation.tests.LoginTests.TC4A_ForgotPassword(LoginTests.java:123)
	at java.base/jdk.internal.reflect.NativeMethodAccessorImpl.invoke0(Native Method)
	at java.base/jdk.internal.reflect.NativeMethodAccessorImpl.invoke(NativeMethodAccessorImpl.java:77)
	at java.base/jdk.internal.reflect.DelegatingMethodAccessorImpl.invoke(DelegatingMethodAccessorImpl.java:43)
	at java.base/java.lang.reflect.Method.invoke(Method.java:568)
	at org.testng.internal.invokers.MethodInvocationHelper.invokeMethod(MethodInvocationHelper.java:141)
	at org.testng.internal.invokers.TestInvoker.invokeMethod(TestInvoker.java:686)
	at org.testng.internal.invokers.TestInvoker.invokeTestMethod(TestInvoker.java:230)
	at org.testng.internal.invokers.MethodRunner.runInSequence(MethodRunner.java:63)
	at org.testng.internal.invokers.TestInvoker$MethodInvocationAgent.invoke(TestInvoker.java:992)
	at org.testng.internal.invokers.TestInvoker.invokeTestMethods(TestInvoker.java:203)
	at org.testng.internal.invokers.TestMethodWorker.invokeTestMethods(TestMethodWorker.java:154)
	at org.testng.internal.invokers.TestMethodWorker.run(TestMethodWorker.java:134)
	at java.base/java.util.ArrayList.forEach(ArrayList.java:1511)
	at org.testng.TestRunner.privateRun(TestRunner.java:739)
	at org.testng.TestRunner.run(TestRunner.java:614)
	at org.testng.SuiteRunner.runTest(SuiteRunner.java:421)
	at org.testng.SuiteRunner.runSequentially(SuiteRunner.java:413)
	at org.testng.SuiteRunner.privateRun(SuiteRunner.java:373)
	at org.testng.SuiteRunner.run(SuiteRunner.java:312)
	at org.testng.SuiteRunnerWorker.runSuite(SuiteRunnerWorker.java:52)
	at org.testng.SuiteRunnerWorker.run(SuiteRunnerWorker.java:95)
	at org.testng.TestNG.runSuitesSequentially(TestNG.java:1274)
	at org.testng.TestNG.runSuitesLocally(TestNG.java:1208)
	at org.testng.TestNG.runSuites(TestNG.java:1112)
	at org.testng.TestNG.run(TestNG.java:1079)
	at org.apache.maven.surefire.testng.TestNGExecutor.run(TestNGExecutor.java:308)
	at org.apache.maven.surefire.testng.TestNGXmlTestSuite.execute(TestNGXmlTestSuite.java:71)
	at org.apache.maven.surefire.testng.TestNGProvider.invoke(TestNGProvider.java:113)
	at org.apache.maven.surefire.booter.ForkedBooter.runSuitesInProcess(ForkedBooter.java:385)
	at org.apache.maven.surefire.booter.ForkedBooter.execute(ForkedBooter.java:162)
	at org.apache.maven.surefire.booter.ForkedBooter.run(ForkedBooter.java:507)
	at org.apache.maven.surefire.booter.ForkedBooter.main(ForkedBooter.java:495)
]]></failure>
    <system-out><![CDATA[2024-10-18 11:04:14,131 INFO  SalesforceListenerUtility.java:39 - TC2SalesforceLoginValid ended with success......................
2024-10-18 11:04:14,333 INFO  BaseTest.java:52 - *******************tearDownAfterTestMethod*********************
2024-10-18 11:04:14,336 INFO  BaseTest.java:42 - *******************setUpBeforeMethod*********************
2024-10-18 11:04:16,041 INFO  SalesforceListenerUtility.java:31 - TC4A_ForgotPassword started..................
2024-10-18 11:04:16,043 INFO  BasePage.java:103 - Waiting for visibility of Forgot your password for maximum of 30sec
2024-10-18 11:04:16,556 INFO  BasePage.java:46 - Forgot your password is clicked
2024-10-18 11:04:16,996 INFO  BasePage.java:34 - data is entered in the username
2024-10-18 11:04:17,428 INFO  BasePage.java:46 - Continue button is clicked
2024-10-18 11:04:17,429 INFO  BasePage.java:103 - Waiting for visibility of Check your email message for maximum of 30sec
2024-10-18 11:04:17,542 INFO  BasePage.java:60 - text is extracted from the Check your email message
text on error msg-===We’ve sent you an email with a link to finish resetting your password.
]]></system-out>
    <system-err><![CDATA[Starting ChromeDriver 129.0.6668.100 (cf58cba358d31ce285c1970a79a9411d0fb381a5-refs/branch-heads/6668@{#1704}) on port 58930
Only local connections are allowed.
Please see https://chromedriver.chromium.org/security-considerations for suggestions on keeping ChromeDriver safe.
ChromeDriver was started successfully on port 58930.
Oct 18, 2024 11:04:15 AM org.openqa.selenium.remote.ProtocolHandshake createSession
INFO: Detected dialect: W3C
]]></system-err>
  </testcase>
  <testcase name="TC4B_ValidateLoginErrorMsg" classname="com.automation.tests.LoginTests" time="1.988">
    <system-out><![CDATA[2024-10-18 11:04:17,554 ERROR SalesforceListenerUtility.java:47 - TC4A_ForgotPassword ended with failure.....................
2024-10-18 11:04:17,715 INFO  BaseTest.java:52 - *******************tearDownAfterTestMethod*********************
2024-10-18 11:04:17,721 INFO  BaseTest.java:42 - *******************setUpBeforeMethod*********************
2024-10-18 11:04:19,392 INFO  SalesforceListenerUtility.java:31 - TC4B_ValidateLoginErrorMsg started..................
2024-10-18 11:04:20,026 INFO  BasePage.java:34 - data is entered in the username
2024-10-18 11:04:20,713 INFO  BasePage.java:34 - data is entered in the password
2024-10-18 11:04:20,906 INFO  BasePage.java:46 - Login button is clicked
2024-10-18 11:04:20,907 INFO  BasePage.java:103 - Waiting for visibility of Wrong password error message for maximum of 30sec
2024-10-18 11:04:21,385 INFO  BasePage.java:60 - text is extracted from the Invalid login error msg
text on error msg-===Please check your username and password. If you still can't log in, contact your Salesforce administrator.
]]></system-out>
    <system-err><![CDATA[Starting ChromeDriver 129.0.6668.100 (cf58cba358d31ce285c1970a79a9411d0fb381a5-refs/branch-heads/6668@{#1704}) on port 39566
Only local connections are allowed.
Please see https://chromedriver.chromium.org/security-considerations for suggestions on keeping ChromeDriver safe.
ChromeDriver was started successfully on port 39566.
Oct 18, 2024 11:04:18 AM org.openqa.selenium.remote.ProtocolHandshake createSession
INFO: Detected dialect: W3C
]]></system-err>
  </testcase>
</testsuite>