<?xml version="1.0" encoding="UTF-8"?>
<testng-results ignored="0" total="10" passed="9" failed="1" skipped="0">
  <reporter-output>
  </reporter-output>
  <suite started-at="2024-10-25T19:33:55 CDT" name="Suite" finished-at="2024-10-25T19:35:12 CDT" duration-ms="77506">
    <groups>
    </groups>
    <test started-at="2024-10-25T19:33:55 CDT" name="SalesForceLoginTest" finished-at="2024-10-25T19:35:12 CDT" duration-ms="77506">
      <class name="com.automation.tests.AccountTests">
        <test-method is-config="true" signature="setUpBeforeMethod(java.lang.String)[pri:0, instance:com.automation.tests.AccountTests@12cd9150]" started-at="2024-10-25T19:34:26 CDT" name="setUpBeforeMethod" finished-at="2024-10-25T19:34:28 CDT" duration-ms="1807" status="PASS">
          <params>
            <param index="0">
              <value>
                <![CDATA[chrome]]>
              </value>
            </param>
          </params>
          <reporter-output>
          </reporter-output>
        </test-method> <!-- setUpBeforeMethod -->
        <test-method signature="TC10_CreateAccount()[pri:0, instance:com.automation.tests.AccountTests@12cd9150]" started-at="2024-10-25T19:34:28 CDT" name="TC10_CreateAccount" finished-at="2024-10-25T19:34:37 CDT" duration-ms="9286" status="PASS">
          <reporter-output>
          </reporter-output>
        </test-method> <!-- TC10_CreateAccount -->
        <test-method is-config="true" signature="tearDownAfterMethod()[pri:0, instance:com.automation.tests.AccountTests@12cd9150]" started-at="2024-10-25T19:34:37 CDT" name="tearDownAfterMethod" finished-at="2024-10-25T19:34:38 CDT" duration-ms="164" status="PASS">
          <reporter-output>
          </reporter-output>
        </test-method> <!-- tearDownAfterMethod -->
        <test-method is-config="true" signature="setUpBeforeMethod(java.lang.String)[pri:0, instance:com.automation.tests.AccountTests@12cd9150]" started-at="2024-10-25T19:34:38 CDT" name="setUpBeforeMethod" finished-at="2024-10-25T19:34:39 CDT" duration-ms="1420" status="PASS">
          <params>
            <param index="0">
              <value>
                <![CDATA[chrome]]>
              </value>
            </param>
          </params>
          <reporter-output>
          </reporter-output>
        </test-method> <!-- setUpBeforeMethod -->
        <test-method signature="TC11Accounts_CreateNewView()[pri:0, instance:com.automation.tests.AccountTests@12cd9150]" started-at="2024-10-25T19:34:39 CDT" name="TC11Accounts_CreateNewView" finished-at="2024-10-25T19:34:46 CDT" duration-ms="6512" status="FAIL">
          <exception class="org.openqa.selenium.NoSuchElementException">
            <message>
              <![CDATA[no such element: Unable to locate element: {"method":"xpath","selector":"//select[@name='fcf']"}
  (Session info: chrome=130.0.6723.70)
For documentation on this error, please visit: https://www.seleniumhq.org/exceptions/no_such_element.html
Build info: version: '3.141.59', revision: 'e82be7d358', time: '2018-11-14T08:17:03'
System info: host: 'MEENA-LAPTOP', ip: '192.168.10.7', os.name: 'Windows 11', os.arch: 'amd64', os.version: '10.0', java.version: '22.0.2'
Driver info: org.openqa.selenium.chrome.ChromeDriver
Capabilities {acceptInsecureCerts: false, browserName: chrome, browserVersion: 130.0.6723.70, chrome: {chromedriverVersion: 130.0.6723.69 (3ec172b971b9..., userDataDir: C:\Users\mohan\AppData\Loca...}, fedcm:accounts: true, goog:chromeOptions: {debuggerAddress: localhost:55925}, javascriptEnabled: true, networkConnectionEnabled: false, pageLoadStrategy: normal, platform: WINDOWS, platformName: WINDOWS, proxy: Proxy(), setWindowRect: true, strictFileInteractability: false, timeouts: {implicit: 0, pageLoad: 300000, script: 30000}, unhandledPromptBehavior: dismiss and notify, webauthn:extension:credBlob: true, webauthn:extension:largeBlob: true, webauthn:extension:minPinLength: true, webauthn:extension:prf: true, webauthn:virtualAuthenticators: true}
Session ID: 45add47fc29322e1305aeb0f04c74daf
*** Element info: {Using=xpath, value=//select[@name='fcf']}]]>
            </message>
            <full-stacktrace>
              <![CDATA[org.openqa.selenium.NoSuchElementException: no such element: Unable to locate element: {"method":"xpath","selector":"//select[@name='fcf']"}
  (Session info: chrome=130.0.6723.70)
For documentation on this error, please visit: https://www.seleniumhq.org/exceptions/no_such_element.html
Build info: version: '3.141.59', revision: 'e82be7d358', time: '2018-11-14T08:17:03'
System info: host: 'MEENA-LAPTOP', ip: '192.168.10.7', os.name: 'Windows 11', os.arch: 'amd64', os.version: '10.0', java.version: '22.0.2'
Driver info: org.openqa.selenium.chrome.ChromeDriver
Capabilities {acceptInsecureCerts: false, browserName: chrome, browserVersion: 130.0.6723.70, chrome: {chromedriverVersion: 130.0.6723.69 (3ec172b971b9..., userDataDir: C:\Users\mohan\AppData\Loca...}, fedcm:accounts: true, goog:chromeOptions: {debuggerAddress: localhost:55925}, javascriptEnabled: true, networkConnectionEnabled: false, pageLoadStrategy: normal, platform: WINDOWS, platformName: WINDOWS, proxy: Proxy(), setWindowRect: true, strictFileInteractability: false, timeouts: {implicit: 0, pageLoad: 300000, script: 30000}, unhandledPromptBehavior: dismiss and notify, webauthn:extension:credBlob: true, webauthn:extension:largeBlob: true, webauthn:extension:minPinLength: true, webauthn:extension:prf: true, webauthn:virtualAuthenticators: true}
Session ID: 45add47fc29322e1305aeb0f04c74daf
*** Element info: {Using=xpath, value=//select[@name='fcf']}
at java.base/jdk.internal.reflect.DirectConstructorHandleAccessor.newInstance(DirectConstructorHandleAccessor.java:62)
at java.base/java.lang.reflect.Constructor.newInstanceWithCaller(Constructor.java:502)
at java.base/java.lang.reflect.Constructor.newInstance(Constructor.java:486)
at org.openqa.selenium.remote.http.W3CHttpResponseCodec.createException(W3CHttpResponseCodec.java:187)
at org.openqa.selenium.remote.http.W3CHttpResponseCodec.decode(W3CHttpResponseCodec.java:122)
at org.openqa.selenium.remote.http.W3CHttpResponseCodec.decode(W3CHttpResponseCodec.java:49)
at org.openqa.selenium.remote.HttpCommandExecutor.execute(HttpCommandExecutor.java:158)
at org.openqa.selenium.remote.service.DriverCommandExecutor.execute(DriverCommandExecutor.java:83)
at org.openqa.selenium.remote.RemoteWebDriver.execute(RemoteWebDriver.java:552)
at org.openqa.selenium.remote.RemoteWebDriver.findElement(RemoteWebDriver.java:323)
at org.openqa.selenium.remote.RemoteWebDriver.findElementByXPath(RemoteWebDriver.java:428)
at org.openqa.selenium.By$ByXPath.findElement(By.java:353)
at org.openqa.selenium.remote.RemoteWebDriver.findElement(RemoteWebDriver.java:315)
at org.openqa.selenium.support.pagefactory.DefaultElementLocator.findElement(DefaultElementLocator.java:69)
at org.openqa.selenium.support.pagefactory.internal.LocatingElementHandler.invoke(LocatingElementHandler.java:38)
at jdk.proxy2/jdk.proxy2.$Proxy30.getTagName(Unknown Source)
at org.openqa.selenium.support.ui.Select.<init>(Select.java:45)
at com.automation.pages.account.AccountsViewsPage.getSelectedOptionValueFromViewDd(AccountsViewsPage.java:23)
at com.automation.tests.AccountTests.TC11Accounts_CreateNewView(AccountTests.java:84)
at java.base/jdk.internal.reflect.DirectMethodHandleAccessor.invoke(DirectMethodHandleAccessor.java:103)
at java.base/java.lang.reflect.Method.invoke(Method.java:580)
at org.testng.internal.MethodInvocationHelper.invokeMethod(MethodInvocationHelper.java:133)
at org.testng.internal.TestInvoker.invokeMethod(TestInvoker.java:598)
at org.testng.internal.TestInvoker.invokeTestMethod(TestInvoker.java:173)
at org.testng.internal.MethodRunner.runInSequence(MethodRunner.java:46)
at org.testng.internal.TestInvoker$MethodInvocationAgent.invoke(TestInvoker.java:824)
at org.testng.internal.TestInvoker.invokeTestMethods(TestInvoker.java:146)
at org.testng.internal.TestMethodWorker.invokeTestMethods(TestMethodWorker.java:146)
at org.testng.internal.TestMethodWorker.run(TestMethodWorker.java:128)
at java.base/java.util.ArrayList.forEach(ArrayList.java:1597)
at org.testng.TestRunner.privateRun(TestRunner.java:794)
at org.testng.TestRunner.run(TestRunner.java:596)
at org.testng.SuiteRunner.runTest(SuiteRunner.java:377)
at org.testng.SuiteRunner.runSequentially(SuiteRunner.java:371)
at org.testng.SuiteRunner.privateRun(SuiteRunner.java:332)
at org.testng.SuiteRunner.run(SuiteRunner.java:276)
at org.testng.SuiteRunnerWorker.runSuite(SuiteRunnerWorker.java:53)
at org.testng.SuiteRunnerWorker.run(SuiteRunnerWorker.java:96)
at org.testng.TestNG.runSuitesSequentially(TestNG.java:1212)
at org.testng.TestNG.runSuitesLocally(TestNG.java:1134)
at org.testng.TestNG.runSuites(TestNG.java:1063)
at org.testng.TestNG.run(TestNG.java:1031)
at org.testng.remote.AbstractRemoteTestNG.run(AbstractRemoteTestNG.java:115)
at org.testng.remote.RemoteTestNG.initAndRun(RemoteTestNG.java:293)
at org.testng.remote.RemoteTestNG.main(RemoteTestNG.java:91)
]]>
            </full-stacktrace>
          </exception> <!-- org.openqa.selenium.NoSuchElementException -->
          <reporter-output>
          </reporter-output>
        </test-method> <!-- TC11Accounts_CreateNewView -->
        <test-method is-config="true" signature="tearDownAfterMethod()[pri:0, instance:com.automation.tests.AccountTests@12cd9150]" started-at="2024-10-25T19:34:46 CDT" name="tearDownAfterMethod" finished-at="2024-10-25T19:34:46 CDT" duration-ms="187" status="PASS">
          <reporter-output>
          </reporter-output>
        </test-method> <!-- tearDownAfterMethod -->
      </class> <!-- com.automation.tests.AccountTests -->
      <class name="com.automation.tests.LoginTests">
        <test-method is-config="true" signature="setUpBeforeMethod(java.lang.String)[pri:0, instance:com.automation.tests.LoginTests@11acdc30]" started-at="2024-10-25T19:33:55 CDT" name="setUpBeforeMethod" finished-at="2024-10-25T19:33:58 CDT" duration-ms="3038" status="PASS">
          <params>
            <param index="0">
              <value>
                <![CDATA[chrome]]>
              </value>
            </param>
          </params>
          <reporter-output>
          </reporter-output>
        </test-method> <!-- setUpBeforeMethod -->
        <test-method signature="TC1SalesforceLogin_BlankPwd()[pri:0, instance:com.automation.tests.LoginTests@11acdc30]" started-at="2024-10-25T19:33:58 CDT" name="TC1SalesforceLogin_BlankPwd" finished-at="2024-10-25T19:34:00 CDT" duration-ms="1669" status="PASS">
          <reporter-output>
          </reporter-output>
        </test-method> <!-- TC1SalesforceLogin_BlankPwd -->
        <test-method is-config="true" signature="tearDownAfterMethod()[pri:0, instance:com.automation.tests.LoginTests@11acdc30]" started-at="2024-10-25T19:34:00 CDT" name="tearDownAfterMethod" finished-at="2024-10-25T19:34:00 CDT" duration-ms="190" status="PASS">
          <reporter-output>
          </reporter-output>
        </test-method> <!-- tearDownAfterMethod -->
        <test-method is-config="true" signature="setUpBeforeMethod(java.lang.String)[pri:0, instance:com.automation.tests.LoginTests@11acdc30]" started-at="2024-10-25T19:34:00 CDT" name="setUpBeforeMethod" finished-at="2024-10-25T19:34:02 CDT" duration-ms="2093" status="PASS">
          <params>
            <param index="0">
              <value>
                <![CDATA[chrome]]>
              </value>
            </param>
          </params>
          <reporter-output>
          </reporter-output>
        </test-method> <!-- setUpBeforeMethod -->
        <test-method signature="TC2SalesforceLoginValid()[pri:0, instance:com.automation.tests.LoginTests@11acdc30]" started-at="2024-10-25T19:34:02 CDT" name="TC2SalesforceLoginValid" finished-at="2024-10-25T19:34:07 CDT" duration-ms="4382" status="PASS">
          <reporter-output>
          </reporter-output>
        </test-method> <!-- TC2SalesforceLoginValid -->
        <test-method is-config="true" signature="tearDownAfterMethod()[pri:0, instance:com.automation.tests.LoginTests@11acdc30]" started-at="2024-10-25T19:34:07 CDT" name="tearDownAfterMethod" finished-at="2024-10-25T19:34:07 CDT" duration-ms="173" status="PASS">
          <reporter-output>
          </reporter-output>
        </test-method> <!-- tearDownAfterMethod -->
        <test-method is-config="true" signature="setUpBeforeMethod(java.lang.String)[pri:0, instance:com.automation.tests.LoginTests@11acdc30]" started-at="2024-10-25T19:34:07 CDT" name="setUpBeforeMethod" finished-at="2024-10-25T19:34:09 CDT" duration-ms="1976" status="PASS">
          <params>
            <param index="0">
              <value>
                <![CDATA[chrome]]>
              </value>
            </param>
          </params>
          <reporter-output>
          </reporter-output>
        </test-method> <!-- setUpBeforeMethod -->
        <test-method signature="TC3ValidateRememberMe()[pri:0, instance:com.automation.tests.LoginTests@11acdc30]" started-at="2024-10-25T19:34:09 CDT" name="TC3ValidateRememberMe" finished-at="2024-10-25T19:34:18 CDT" duration-ms="9624" status="PASS">
          <reporter-output>
          </reporter-output>
        </test-method> <!-- TC3ValidateRememberMe -->
        <test-method is-config="true" signature="tearDownAfterMethod()[pri:0, instance:com.automation.tests.LoginTests@11acdc30]" started-at="2024-10-25T19:34:18 CDT" name="tearDownAfterMethod" finished-at="2024-10-25T19:34:19 CDT" duration-ms="173" status="PASS">
          <reporter-output>
          </reporter-output>
        </test-method> <!-- tearDownAfterMethod -->
        <test-method is-config="true" signature="setUpBeforeMethod(java.lang.String)[pri:0, instance:com.automation.tests.LoginTests@11acdc30]" started-at="2024-10-25T19:34:19 CDT" name="setUpBeforeMethod" finished-at="2024-10-25T19:34:21 CDT" duration-ms="1882" status="PASS">
          <params>
            <param index="0">
              <value>
                <![CDATA[chrome]]>
              </value>
            </param>
          </params>
          <reporter-output>
          </reporter-output>
        </test-method> <!-- setUpBeforeMethod -->
        <test-method signature="TC4A_ForgotPassword()[pri:0, instance:com.automation.tests.LoginTests@11acdc30]" started-at="2024-10-25T19:34:21 CDT" name="TC4A_ForgotPassword" finished-at="2024-10-25T19:34:22 CDT" duration-ms="1721" status="PASS">
          <reporter-output>
          </reporter-output>
        </test-method> <!-- TC4A_ForgotPassword -->
        <test-method is-config="true" signature="tearDownAfterMethod()[pri:0, instance:com.automation.tests.LoginTests@11acdc30]" started-at="2024-10-25T19:34:22 CDT" name="tearDownAfterMethod" finished-at="2024-10-25T19:34:22 CDT" duration-ms="172" status="PASS">
          <reporter-output>
          </reporter-output>
        </test-method> <!-- tearDownAfterMethod -->
        <test-method is-config="true" signature="setUpBeforeMethod(java.lang.String)[pri:0, instance:com.automation.tests.LoginTests@11acdc30]" started-at="2024-10-25T19:34:22 CDT" name="setUpBeforeMethod" finished-at="2024-10-25T19:34:24 CDT" duration-ms="1650" status="PASS">
          <params>
            <param index="0">
              <value>
                <![CDATA[chrome]]>
              </value>
            </param>
          </params>
          <reporter-output>
          </reporter-output>
        </test-method> <!-- setUpBeforeMethod -->
        <test-method signature="TC4B_ValidateLoginErrorMsg()[pri:0, instance:com.automation.tests.LoginTests@11acdc30]" started-at="2024-10-25T19:34:24 CDT" name="TC4B_ValidateLoginErrorMsg" finished-at="2024-10-25T19:34:26 CDT" duration-ms="2194" status="PASS">
          <reporter-output>
          </reporter-output>
        </test-method> <!-- TC4B_ValidateLoginErrorMsg -->
        <test-method is-config="true" signature="tearDownAfterMethod()[pri:0, instance:com.automation.tests.LoginTests@11acdc30]" started-at="2024-10-25T19:34:26 CDT" name="tearDownAfterMethod" finished-at="2024-10-25T19:34:26 CDT" duration-ms="121" status="PASS">
          <reporter-output>
          </reporter-output>
        </test-method> <!-- tearDownAfterMethod -->
      </class> <!-- com.automation.tests.LoginTests -->
      <class name="com.automation.tests.OpportunityTests">
        <test-method is-config="true" signature="setUpBeforeMethod(java.lang.String)[pri:0, instance:com.automation.tests.OpportunityTests@114a85c2]" started-at="2024-10-25T19:34:46 CDT" name="setUpBeforeMethod" finished-at="2024-10-25T19:34:48 CDT" duration-ms="1944" status="PASS">
          <params>
            <param index="0">
              <value>
                <![CDATA[chrome]]>
              </value>
            </param>
          </params>
          <reporter-output>
          </reporter-output>
        </test-method> <!-- setUpBeforeMethod -->
        <test-method signature="TC15_VerifyOpportunitiesDropDown()[pri:0, instance:com.automation.tests.OpportunityTests@114a85c2]" started-at="2024-10-25T19:34:48 CDT" name="TC15_VerifyOpportunitiesDropDown" finished-at="2024-10-25T19:34:56 CDT" duration-ms="7995" status="PASS">
          <reporter-output>
          </reporter-output>
        </test-method> <!-- TC15_VerifyOpportunitiesDropDown -->
        <test-method is-config="true" signature="tearDownAfterMethod()[pri:0, instance:com.automation.tests.OpportunityTests@114a85c2]" started-at="2024-10-25T19:34:56 CDT" name="tearDownAfterMethod" finished-at="2024-10-25T19:34:56 CDT" duration-ms="147" status="PASS">
          <reporter-output>
          </reporter-output>
        </test-method> <!-- tearDownAfterMethod -->
      </class> <!-- com.automation.tests.OpportunityTests -->
      <class name="com.automation.tests.UserMenuOptionsTests">
        <test-method is-config="true" signature="setUpBeforeMethod(java.lang.String)[pri:0, instance:com.automation.tests.UserMenuOptionsTests@f415a95]" started-at="2024-10-25T19:34:56 CDT" name="setUpBeforeMethod" finished-at="2024-10-25T19:34:58 CDT" duration-ms="1786" status="PASS">
          <params>
            <param index="0">
              <value>
                <![CDATA[chrome]]>
              </value>
            </param>
          </params>
          <reporter-output>
          </reporter-output>
        </test-method> <!-- setUpBeforeMethod -->
        <test-method signature="TC5_UserMenuDropDown()[pri:0, instance:com.automation.tests.UserMenuOptionsTests@f415a95]" started-at="2024-10-25T19:34:58 CDT" name="TC5_UserMenuDropDown" finished-at="2024-10-25T19:35:05 CDT" duration-ms="7223" status="PASS">
          <reporter-output>
          </reporter-output>
        </test-method> <!-- TC5_UserMenuDropDown -->
        <test-method is-config="true" signature="tearDownAfterMethod()[pri:0, instance:com.automation.tests.UserMenuOptionsTests@f415a95]" started-at="2024-10-25T19:35:05 CDT" name="tearDownAfterMethod" finished-at="2024-10-25T19:35:05 CDT" duration-ms="136" status="PASS">
          <reporter-output>
          </reporter-output>
        </test-method> <!-- tearDownAfterMethod -->
        <test-method is-config="true" signature="setUpBeforeMethod(java.lang.String)[pri:0, instance:com.automation.tests.UserMenuOptionsTests@f415a95]" started-at="2024-10-25T19:35:05 CDT" name="setUpBeforeMethod" finished-at="2024-10-25T19:35:07 CDT" duration-ms="1869" status="PASS">
          <params>
            <param index="0">
              <value>
                <![CDATA[chrome]]>
              </value>
            </param>
          </params>
          <reporter-output>
          </reporter-output>
        </test-method> <!-- setUpBeforeMethod -->
        <test-method signature="TC9_LogoutSalesForce()[pri:0, instance:com.automation.tests.UserMenuOptionsTests@f415a95]" started-at="2024-10-25T19:35:07 CDT" name="TC9_LogoutSalesForce" finished-at="2024-10-25T19:35:12 CDT" duration-ms="4952" status="PASS">
          <reporter-output>
          </reporter-output>
        </test-method> <!-- TC9_LogoutSalesForce -->
        <test-method is-config="true" signature="tearDownAfterMethod()[pri:0, instance:com.automation.tests.UserMenuOptionsTests@f415a95]" started-at="2024-10-25T19:35:12 CDT" name="tearDownAfterMethod" finished-at="2024-10-25T19:35:12 CDT" duration-ms="167" status="PASS">
          <reporter-output>
          </reporter-output>
        </test-method> <!-- tearDownAfterMethod -->
      </class> <!-- com.automation.tests.UserMenuOptionsTests -->
    </test> <!-- SalesForceLoginTest -->
  </suite> <!-- Suite -->
</testng-results>
